## ComfyUI-Manager: installing dependencies done.
[2025-12-03 09:04:28.949] ** ComfyUI startup time: 2025-12-03 09:04:28.949
[2025-12-03 09:04:28.950] ** Platform: Windows
[2025-12-03 09:04:28.950] ** Python version: 3.10.11 (tags/v3.10.11:7d4cc5a, Apr  5 2023, 00:38:17) [MSC v.1929 64 bit (AMD64)]
[2025-12-03 09:04:28.950] ** Python executable: C:\Users\Ghost\Desktop\MyCandyLocal\ComfyUI_old\venv\Scripts\python.exe
[2025-12-03 09:04:28.951] ** ComfyUI Path: C:\Users\Ghost\Desktop\MyCandyLocal\ComfyUI
[2025-12-03 09:04:28.951] ** ComfyUI Base Folder Path: C:\Users\Ghost\Desktop\MyCandyLocal\ComfyUI
[2025-12-03 09:04:28.951] ** User directory: C:\Users\Ghost\Desktop\MyCandyLocal\ComfyUI\user
[2025-12-03 09:04:28.951] ** ComfyUI-Manager config path: C:\Users\Ghost\Desktop\MyCandyLocal\ComfyUI\user\default\ComfyUI-Manager\config.ini
[2025-12-03 09:04:28.952] ** Log path: C:\Users\Ghost\Desktop\MyCandyLocal\ComfyUI\user\comfyui.log

Prestartup times for custom nodes:
[2025-12-03 09:04:30.487]    0.0 seconds: C:\Users\Ghost\Desktop\MyCandyLocal\ComfyUI\custom_nodes\rgthree-comfy
[2025-12-03 09:04:30.488]    0.0 seconds: C:\Users\Ghost\Desktop\MyCandyLocal\ComfyUI\custom_nodes\ComfyUI-Easy-Use
[2025-12-03 09:04:30.488]    4.6 seconds: C:\Users\Ghost\Desktop\MyCandyLocal\ComfyUI\custom_nodes\ComfyUI-Manager
[2025-12-03 09:04:30.488] 
[2025-12-03 09:04:32.936] Checkpoint files will always be loaded safely.
[2025-12-03 09:04:33.182] Total VRAM 11940 MB, total RAM 32691 MB
[2025-12-03 09:04:33.182] pytorch version: 2.9.1+xpu
[2025-12-03 09:04:33.183] Set vram state to: NORMAL_VRAM
[2025-12-03 09:04:33.183] Disabling smart memory management
[2025-12-03 09:04:33.184] Device: xpu:0 Intel(R) Arc(TM) B580 Graphics
[2025-12-03 09:04:35.297] Using pytorch attention
[2025-12-03 09:04:38.352] Python version: 3.10.11 (tags/v3.10.11:7d4cc5a, Apr  5 2023, 00:38:17) [MSC v.1929 64 bit (AMD64)]
[2025-12-03 09:04:38.352] ComfyUI version: 0.3.68
[2025-12-03 09:04:38.381] ComfyUI frontend version: 1.32.9
[2025-12-03 09:04:38.384] [Prompt Server] web root: C:\Users\Ghost\Desktop\MyCandyLocal\ComfyUI_old\venv\lib\site-packages\comfyui_frontend_package\static
[2025-12-03 09:04:39.916] Traceback (most recent call last):
  File "C:\Users\Ghost\Desktop\MyCandyLocal\ComfyUI\nodes.py", line 2131, in load_custom_node
    module_spec.loader.exec_module(module)
  File "<frozen importlib._bootstrap_external>", line 883, in exec_module
  File "<frozen importlib._bootstrap>", line 241, in _call_with_frames_removed
  File "C:\Users\Ghost\Desktop\MyCandyLocal\ComfyUI\custom_nodes\ComfyUI-AKatz-Nodes\__init__.py", line 23, in <module>
    from .src.ak_audio_framesync_schedule import AK_AudioFramesyncSchedule
  File "C:\Users\Ghost\Desktop\MyCandyLocal\ComfyUI\custom_nodes\ComfyUI-AKatz-Nodes\src\ak_audio_framesync_schedule.py", line 2, in <module>
    from pydub import AudioSegment
ModuleNotFoundError: No module named 'pydub'

[2025-12-03 09:04:39.919] Cannot import C:\Users\Ghost\Desktop\MyCandyLocal\ComfyUI\custom_nodes\ComfyUI-AKatz-Nodes module for custom nodes: No module named 'pydub'
[2025-12-03 09:04:39.976] [AnimateDiffEvo] - [0;31mERROR[0m - No motion models found. Please download one and place in: ['C:\\Users\\Ghost\\Desktop\\MyCandyLocal\\ComfyUI\\custom_nodes\\ComfyUI-AnimateDiff-Evolved\\models', 'C:\\Users\\Ghost\\Desktop\\MyCandyLocal\\ComfyUI\\models\\animatediff_models']
[2025-12-03 09:04:40.013] [Crystools [0;32mINFO[0m] Crystools version: 1.27.4
[2025-12-03 09:04:40.021] Traceback (most recent call last):
  File "C:\Users\Ghost\Desktop\MyCandyLocal\ComfyUI\nodes.py", line 2131, in load_custom_node
    module_spec.loader.exec_module(module)
  File "<frozen importlib._bootstrap_external>", line 883, in exec_module
  File "<frozen importlib._bootstrap>", line 241, in _call_with_frames_removed
  File "C:\Users\Ghost\Desktop\MyCandyLocal\ComfyUI\custom_nodes\ComfyUI-Crystools\__init__.py", line 18, in <module>
    from .nodes.image import CImagePreviewFromImage, CImageLoadWithMetadata, CImageGetResolution, CImagePreviewFromMetadata, \
  File "C:\Users\Ghost\Desktop\MyCandyLocal\ComfyUI\custom_nodes\ComfyUI-Crystools\nodes\image.py", line 6, in <module>
    import piexif
ModuleNotFoundError: No module named 'piexif'

[2025-12-03 09:04:40.022] Cannot import C:\Users\Ghost\Desktop\MyCandyLocal\ComfyUI\custom_nodes\ComfyUI-Crystools module for custom nodes: No module named 'piexif'
[2025-12-03 09:04:40.045] xFormers not available
[2025-12-03 09:04:40.047] xFormers not available
[2025-12-03 09:04:40.106] Traceback (most recent call last):
  File "C:\Users\Ghost\Desktop\MyCandyLocal\ComfyUI\nodes.py", line 2131, in load_custom_node
    module_spec.loader.exec_module(module)
  File "<frozen importlib._bootstrap_external>", line 883, in exec_module
  File "<frozen importlib._bootstrap>", line 241, in _call_with_frames_removed
  File "C:\Users\Ghost\Desktop\MyCandyLocal\ComfyUI\custom_nodes\ComfyUI-DepthCrafter-Nodes\__init__.py", line 8, in <module>
    from .nodes import DownloadAndLoadDepthCrafterModel, DepthCrafter
  File "C:\Users\Ghost\Desktop\MyCandyLocal\ComfyUI\custom_nodes\ComfyUI-DepthCrafter-Nodes\nodes.py", line 8, in <module>
    from .depthcrafter.unet import DiffusersUNetSpatioTemporalConditionModelDepthCrafter
  File "C:\Users\Ghost\Desktop\MyCandyLocal\ComfyUI\custom_nodes\ComfyUI-DepthCrafter-Nodes\depthcrafter\unet.py", line 4, in <module>
    from diffusers import UNetSpatioTemporalConditionModel
  File "C:\Users\Ghost\Desktop\MyCandyLocal\ComfyUI_old\venv\lib\site-packages\diffusers\__init__.py", line 5, in <module>
    from .utils import (
  File "C:\Users\Ghost\Desktop\MyCandyLocal\ComfyUI_old\venv\lib\site-packages\diffusers\utils\__init__.py", line 38, in <module>
    from .dynamic_modules_utils import get_class_from_dynamic_module
  File "C:\Users\Ghost\Desktop\MyCandyLocal\ComfyUI_old\venv\lib\site-packages\diffusers\utils\dynamic_modules_utils.py", line 28, in <module>
    from huggingface_hub import cached_download, hf_hub_download, model_info
ImportError: cannot import name 'cached_download' from 'huggingface_hub' (C:\Users\Ghost\Desktop\MyCandyLocal\ComfyUI_old\venv\lib\site-packages\huggingface_hub\__init__.py)

[2025-12-03 09:04:40.108] Cannot import C:\Users\Ghost\Desktop\MyCandyLocal\ComfyUI\custom_nodes\ComfyUI-DepthCrafter-Nodes module for custom nodes: cannot import name 'cached_download' from 'huggingface_hub' (C:\Users\Ghost\Desktop\MyCandyLocal\ComfyUI_old\venv\lib\site-packages\huggingface_hub\__init__.py)
[2025-12-03 09:04:40.790] Module 'diffusers' load failed. If you don't have it installed, do it:
[2025-12-03 09:04:40.790] pip install diffusers
[2025-12-03 09:04:40.811] [ComfyUI-Easy-Use] server: v1.3.4 Loaded
[2025-12-03 09:04:40.812] [ComfyUI-Easy-Use] web root: C:\Users\Ghost\Desktop\MyCandyLocal\ComfyUI\custom_nodes\ComfyUI-Easy-Use\web_version/v2 Loaded
[2025-12-03 09:04:40.999] ComfyUI-GGUF: Allowing full torch compile
[2025-12-03 09:04:41.012] ### Loading: ComfyUI-Impact-Pack (V8.25.1)
[2025-12-03 09:04:41.013] [Impact Pack] Failed to import due to several dependencies are missing!!!!
[2025-12-03 09:04:41.014] Traceback (most recent call last):
  File "C:\Users\Ghost\Desktop\MyCandyLocal\ComfyUI\nodes.py", line 2131, in load_custom_node
    module_spec.loader.exec_module(module)
  File "<frozen importlib._bootstrap_external>", line 883, in exec_module
  File "<frozen importlib._bootstrap>", line 241, in _call_with_frames_removed
  File "C:\Users\Ghost\Desktop\MyCandyLocal\ComfyUI\custom_nodes\ComfyUI-Impact-Pack\__init__.py", line 40, in <module>
    raise e
  File "C:\Users\Ghost\Desktop\MyCandyLocal\ComfyUI\custom_nodes\ComfyUI-Impact-Pack\__init__.py", line 33, in <module>
    from skimage.measure import label, regionprops # noqa: F401
ModuleNotFoundError: No module named 'skimage'

[2025-12-03 09:04:41.015] Cannot import C:\Users\Ghost\Desktop\MyCandyLocal\ComfyUI\custom_nodes\ComfyUI-Impact-Pack module for custom nodes: No module named 'skimage'
[2025-12-03 09:04:41.017] ### Loading: ComfyUI-Impact-Subpack (V1.3.5)
[2025-12-03 09:04:41.021] [Impact Pack/Subpack] Using folder_paths to determine whitelist path: C:\Users\Ghost\Desktop\MyCandyLocal\ComfyUI\user\default\ComfyUI-Impact-Subpack\model-whitelist.txt
[2025-12-03 09:04:41.022] [Impact Pack/Subpack] Ensured whitelist directory exists: C:\Users\Ghost\Desktop\MyCandyLocal\ComfyUI\user\default\ComfyUI-Impact-Subpack
[2025-12-03 09:04:41.023] [Impact Pack/Subpack] Loaded 0 model(s) from whitelist: C:\Users\Ghost\Desktop\MyCandyLocal\ComfyUI\user\default\ComfyUI-Impact-Subpack\model-whitelist.txt
[2025-12-03 09:04:41.023] No module named 'ultralytics'
[2025-12-03 09:04:41.024] 
!!!!!

[ComfyUI-Impact-Subpack] If this error occurs, please check the following link:
	https://github.com/ltdrdata/ComfyUI-Impact-Pack/blob/Main/troubleshooting/TROUBLESHOOTING.md

!!!!!

[2025-12-03 09:04:41.026] Traceback (most recent call last):
  File "C:\Users\Ghost\Desktop\MyCandyLocal\ComfyUI\nodes.py", line 2131, in load_custom_node
    module_spec.loader.exec_module(module)
  File "<frozen importlib._bootstrap_external>", line 883, in exec_module
  File "<frozen importlib._bootstrap>", line 241, in _call_with_frames_removed
  File "C:\Users\Ghost\Desktop\MyCandyLocal\ComfyUI\custom_nodes\ComfyUI-Impact-Subpack\__init__.py", line 23, in <module>
    imported_module = importlib.import_module(".modules.{}".format(module_name), __name__)
  File "C:\Users\Ghost\AppData\Local\Programs\Python\Python310\lib\importlib\__init__.py", line 126, in import_module
    return _bootstrap._gcd_import(name[level:], package, level)
  File "<frozen importlib._bootstrap>", line 1050, in _gcd_import
  File "<frozen importlib._bootstrap>", line 1027, in _find_and_load
  File "<frozen importlib._bootstrap>", line 1006, in _find_and_load_unlocked
  File "<frozen importlib._bootstrap>", line 688, in _load_unlocked
  File "<frozen importlib._bootstrap_external>", line 883, in exec_module
  File "<frozen importlib._bootstrap>", line 241, in _call_with_frames_removed
  File "C:\Users\Ghost\Desktop\MyCandyLocal\ComfyUI\custom_nodes\ComfyUI-Impact-Subpack\modules\subpack_nodes.py", line 3, in <module>
    from . import subcore
  File "C:\Users\Ghost\Desktop\MyCandyLocal\ComfyUI\custom_nodes\ComfyUI-Impact-Subpack\modules\subcore.py", line 174, in <module>
    raise e
  File "C:\Users\Ghost\Desktop\MyCandyLocal\ComfyUI\custom_nodes\ComfyUI-Impact-Subpack\modules\subcore.py", line 150, in <module>
    from ultralytics import YOLO
ModuleNotFoundError: No module named 'ultralytics'

[2025-12-03 09:04:41.027] Cannot import C:\Users\Ghost\Desktop\MyCandyLocal\ComfyUI\custom_nodes\ComfyUI-Impact-Subpack module for custom nodes: No module named 'ultralytics'
[2025-12-03 09:04:41.028] ### Loading: ComfyUI-Inspire-Pack (V1.22.2)
[2025-12-03 09:04:41.136] Traceback (most recent call last):
  File "C:\Users\Ghost\Desktop\MyCandyLocal\ComfyUI\nodes.py", line 2131, in load_custom_node
    module_spec.loader.exec_module(module)
  File "<frozen importlib._bootstrap_external>", line 883, in exec_module
  File "<frozen importlib._bootstrap>", line 241, in _call_with_frames_removed
  File "C:\Users\Ghost\Desktop\MyCandyLocal\ComfyUI\custom_nodes\ComfyUI-layerdiffuse\__init__.py", line 1, in <module>
    from .layered_diffusion import NODE_CLASS_MAPPINGS, NODE_DISPLAY_NAME_MAPPINGS
  File "C:\Users\Ghost\Desktop\MyCandyLocal\ComfyUI\custom_nodes\ComfyUI-layerdiffuse\layered_diffusion.py", line 22, in <module>
    from .lib_layerdiffusion.models import TransparentVAEDecoder
  File "C:\Users\Ghost\Desktop\MyCandyLocal\ComfyUI\custom_nodes\ComfyUI-layerdiffuse\lib_layerdiffusion\models.py", line 8, in <module>
    from diffusers.configuration_utils import ConfigMixin, register_to_config
  File "C:\Users\Ghost\Desktop\MyCandyLocal\ComfyUI_old\venv\lib\site-packages\diffusers\__init__.py", line 5, in <module>
    from .utils import (
  File "C:\Users\Ghost\Desktop\MyCandyLocal\ComfyUI_old\venv\lib\site-packages\diffusers\utils\__init__.py", line 38, in <module>
    from .dynamic_modules_utils import get_class_from_dynamic_module
  File "C:\Users\Ghost\Desktop\MyCandyLocal\ComfyUI_old\venv\lib\site-packages\diffusers\utils\dynamic_modules_utils.py", line 28, in <module>
    from huggingface_hub import cached_download, hf_hub_download, model_info
ImportError: cannot import name 'cached_download' from 'huggingface_hub' (C:\Users\Ghost\Desktop\MyCandyLocal\ComfyUI_old\venv\lib\site-packages\huggingface_hub\__init__.py)

[2025-12-03 09:04:41.139] Cannot import C:\Users\Ghost\Desktop\MyCandyLocal\ComfyUI\custom_nodes\ComfyUI-layerdiffuse module for custom nodes: cannot import name 'cached_download' from 'huggingface_hub' (C:\Users\Ghost\Desktop\MyCandyLocal\ComfyUI_old\venv\lib\site-packages\huggingface_hub\__init__.py)
[2025-12-03 09:04:41.148] ### Loading: ComfyUI-Manager (V3.37.1)
[2025-12-03 09:04:41.149] [ComfyUI-Manager] network_mode: public
[2025-12-03 09:04:41.149] ### ComfyUI Revision: UNKNOWN (The currently installed ComfyUI is not a Git repository)
[2025-12-03 09:04:41.184] Traceback (most recent call last):
  File "C:\Users\Ghost\Desktop\MyCandyLocal\ComfyUI\nodes.py", line 2131, in load_custom_node
    module_spec.loader.exec_module(module)
  File "<frozen importlib._bootstrap_external>", line 883, in exec_module
  File "<frozen importlib._bootstrap>", line 241, in _call_with_frames_removed
  File "C:\Users\Ghost\Desktop\MyCandyLocal\ComfyUI\custom_nodes\comfyui-propost\__init__.py", line 1, in <module>
    from .nodes import NODE_CLASS_MAPPINGS
  File "C:\Users\Ghost\Desktop\MyCandyLocal\ComfyUI\custom_nodes\comfyui-propost\nodes.py", line 8, in <module>
    from .utils import loading as loading_utils
  File "C:\Users\Ghost\Desktop\MyCandyLocal\ComfyUI\custom_nodes\comfyui-propost\utils\loading.py", line 3, in <module>
    from colour.io.luts.iridas_cube import read_LUT_IridasCube, LUT3D, LUT3x1D
ModuleNotFoundError: No module named 'colour'

[2025-12-03 09:04:41.186] Cannot import C:\Users\Ghost\Desktop\MyCandyLocal\ComfyUI\custom_nodes\comfyui-propost module for custom nodes: No module named 'colour'
[2025-12-03 09:04:41.260] [ComfyUI-Manager] default cache updated: https://raw.githubusercontent.com/ltdrdata/ComfyUI-Manager/main/alter-list.json
[2025-12-03 09:04:41.288] [ComfyUI-Manager] default cache updated: https://raw.githubusercontent.com/ltdrdata/ComfyUI-Manager/main/model-list.json
[2025-12-03 09:04:41.354] [ComfyUI-Manager] default cache updated: https://raw.githubusercontent.com/ltdrdata/ComfyUI-Manager/main/github-stats.json
[2025-12-03 09:04:41.453] [ComfyUI-Manager] default cache updated: https://raw.githubusercontent.com/ltdrdata/ComfyUI-Manager/main/extension-node-map.json
[2025-12-03 09:04:41.554] [ComfyUI-Manager] default cache updated: https://raw.githubusercontent.com/ltdrdata/ComfyUI-Manager/main/custom-node-list.json
[2025-12-03 09:04:41.570] Traceback (most recent call last):
  File "C:\Users\Ghost\Desktop\MyCandyLocal\ComfyUI\nodes.py", line 2131, in load_custom_node
    module_spec.loader.exec_module(module)
  File "<frozen importlib._bootstrap_external>", line 883, in exec_module
  File "<frozen importlib._bootstrap>", line 241, in _call_with_frames_removed
  File "C:\Users\Ghost\Desktop\MyCandyLocal\ComfyUI\custom_nodes\ComfyUI-SAM2\__init__.py", line 1, in <module>
    from .node import SAM2ModelLoader, GroundingDinoModelLoader, GroundingDinoSAM2Segment, InvertMask, IsMaskEmptyNode
  File "C:\Users\Ghost\Desktop\MyCandyLocal\ComfyUI\custom_nodes\ComfyUI-SAM2\node.py", line 18, in <module>
    from local_groundingdino.util.utils import (
  File "C:\Users\Ghost\Desktop\MyCandyLocal\ComfyUI\custom_nodes\ComfyUI-SAM2\local_groundingdino\util\utils.py", line 12, in <module>
    from local_groundingdino.util.slconfig import SLConfig
  File "C:\Users\Ghost\Desktop\MyCandyLocal\ComfyUI\custom_nodes\ComfyUI-SAM2\local_groundingdino\util\slconfig.py", line 13, in <module>
    from addict import Dict
ModuleNotFoundError: No module named 'addict'

[2025-12-03 09:04:41.570] Cannot import C:\Users\Ghost\Desktop\MyCandyLocal\ComfyUI\custom_nodes\ComfyUI-SAM2 module for custom nodes: No module named 'addict'
[2025-12-03 09:04:41.576] Traceback (most recent call last):
  File "C:\Users\Ghost\Desktop\MyCandyLocal\ComfyUI\nodes.py", line 2131, in load_custom_node
    module_spec.loader.exec_module(module)
  File "<frozen importlib._bootstrap_external>", line 883, in exec_module
  File "<frozen importlib._bootstrap>", line 241, in _call_with_frames_removed
  File "C:\Users\Ghost\Desktop\MyCandyLocal\ComfyUI\custom_nodes\ComfyUI-TeaCache\__init__.py", line 2, in <module>
    from .nodes_diffusers import NODE_CLASS_MAPPINGS as DIFFUSERS_NODE_CLASS, NODE_DISPLAY_NAME_MAPPINGS as DIFFUSERS_NODES_DISPLAY
  File "C:\Users\Ghost\Desktop\MyCandyLocal\ComfyUI\custom_nodes\ComfyUI-TeaCache\nodes_diffusers.py", line 6, in <module>
    from diffusers.models.modeling_outputs import Transformer2DModelOutput
  File "C:\Users\Ghost\Desktop\MyCandyLocal\ComfyUI_old\venv\lib\site-packages\diffusers\__init__.py", line 5, in <module>
    from .utils import (
  File "C:\Users\Ghost\Desktop\MyCandyLocal\ComfyUI_old\venv\lib\site-packages\diffusers\utils\__init__.py", line 38, in <module>
    from .dynamic_modules_utils import get_class_from_dynamic_module
  File "C:\Users\Ghost\Desktop\MyCandyLocal\ComfyUI_old\venv\lib\site-packages\diffusers\utils\dynamic_modules_utils.py", line 28, in <module>
    from huggingface_hub import cached_download, hf_hub_download, model_info
ImportError: cannot import name 'cached_download' from 'huggingface_hub' (C:\Users\Ghost\Desktop\MyCandyLocal\ComfyUI_old\venv\lib\site-packages\huggingface_hub\__init__.py)

[2025-12-03 09:04:41.577] Cannot import C:\Users\Ghost\Desktop\MyCandyLocal\ComfyUI\custom_nodes\ComfyUI-TeaCache module for custom nodes: cannot import name 'cached_download' from 'huggingface_hub' (C:\Users\Ghost\Desktop\MyCandyLocal\ComfyUI_old\venv\lib\site-packages\huggingface_hub\__init__.py)
[2025-12-03 09:04:41.708] ComfyUI found: C:\Users\Ghost\Desktop\MyCandyLocal\ComfyUI
[2025-12-03 09:04:41.709] 'C:\Users\Ghost\Desktop\MyCandyLocal\ComfyUI' added to sys.path
[2025-12-03 09:04:41.718] [VideoHelperSuite] - WARNING - Failed to import imageio_ffmpeg
[2025-12-03 09:04:41.759] (pysssss:WD14Tagger) [ERROR] onnxruntime is required, please check requirements are installed.
[2025-12-03 09:04:41.761] Skip C:\Users\Ghost\Desktop\MyCandyLocal\ComfyUI\custom_nodes\ComfyUI-WD14-Tagger module for custom nodes due to the lack of NODE_CLASS_MAPPINGS or NODES_LIST (need one).
[2025-12-03 09:04:41.801] ------------------------------------------
[2025-12-03 09:04:41.802] Comfyroll Studio v1.76 :  175 Nodes Loaded
[2025-12-03 09:04:41.803] ------------------------------------------
[2025-12-03 09:04:41.804] ** For changes, please see patch notes at https://github.com/Suzie1/ComfyUI_Comfyroll_CustomNodes/blob/main/Patch_Notes.md
[2025-12-03 09:04:41.806] ** For help, please see the wiki at https://github.com/Suzie1/ComfyUI_Comfyroll_CustomNodes/wiki
[2025-12-03 09:04:41.808] ------------------------------------------
[2025-12-03 09:04:41.824] [C:\Users\Ghost\Desktop\MyCandyLocal\ComfyUI\custom_nodes\comfyui_controlnet_aux] | INFO -> Using ckpts path: C:\Users\Ghost\Desktop\MyCandyLocal\ComfyUI\custom_nodes\comfyui_controlnet_aux\ckpts
[2025-12-03 09:04:41.825] [C:\Users\Ghost\Desktop\MyCandyLocal\ComfyUI\custom_nodes\comfyui_controlnet_aux] | INFO -> Using symlinks: False
[2025-12-03 09:04:41.827] [C:\Users\Ghost\Desktop\MyCandyLocal\ComfyUI\custom_nodes\comfyui_controlnet_aux] | INFO -> Using ort providers: ['CUDAExecutionProvider', 'DirectMLExecutionProvider', 'OpenVINOExecutionProvider', 'ROCMExecutionProvider', 'CPUExecutionProvider', 'CoreMLExecutionProvider']
[2025-12-03 09:04:41.874] 

Full error log from comfyui_controlnet_aux: 
Traceback (most recent call last):
  File "C:\Users\Ghost\Desktop\MyCandyLocal\ComfyUI\custom_nodes\comfyui_controlnet_aux\__init__.py", line 35, in load_nodes
    module = importlib.import_module(
  File "C:\Users\Ghost\AppData\Local\Programs\Python\Python310\lib\importlib\__init__.py", line 126, in import_module
    return _bootstrap._gcd_import(name[level:], package, level)
  File "<frozen importlib._bootstrap>", line 1050, in _gcd_import
  File "<frozen importlib._bootstrap>", line 1027, in _find_and_load
  File "<frozen importlib._bootstrap>", line 1006, in _find_and_load_unlocked
  File "<frozen importlib._bootstrap>", line 688, in _load_unlocked
  File "<frozen importlib._bootstrap_external>", line 883, in exec_module
  File "<frozen importlib._bootstrap>", line 241, in _call_with_frames_removed
  File "C:\Users\Ghost\Desktop\MyCandyLocal\ComfyUI\custom_nodes\comfyui_controlnet_aux\node_wrappers\dwpose.py", line 5, in <module>
    from ..src.custom_controlnet_aux.dwpose import DwposeDetector, AnimalposeDetector
  File "C:\Users\Ghost\Desktop\MyCandyLocal\ComfyUI\custom_nodes\comfyui_controlnet_aux\src\custom_controlnet_aux\dwpose\__init__.py", line 17, in <module>
    from .hand import Hand
  File "C:\Users\Ghost\Desktop\MyCandyLocal\ComfyUI\custom_nodes\comfyui_controlnet_aux\src\custom_controlnet_aux\dwpose\hand.py", line 10, in <module>
    from skimage.measure import label
ModuleNotFoundError: No module named 'skimage'


Traceback (most recent call last):
  File "C:\Users\Ghost\Desktop\MyCandyLocal\ComfyUI\custom_nodes\comfyui_controlnet_aux\__init__.py", line 35, in load_nodes
    module = importlib.import_module(
  File "C:\Users\Ghost\AppData\Local\Programs\Python\Python310\lib\importlib\__init__.py", line 126, in import_module
    return _bootstrap._gcd_import(name[level:], package, level)
  File "<frozen importlib._bootstrap>", line 1050, in _gcd_import
  File "<frozen importlib._bootstrap>", line 1027, in _find_and_load
  File "<frozen importlib._bootstrap>", line 1006, in _find_and_load_unlocked
  File "<frozen importlib._bootstrap>", line 688, in _load_unlocked
  File "<frozen importlib._bootstrap_external>", line 883, in exec_module
  File "<frozen importlib._bootstrap>", line 241, in _call_with_frames_removed
  File "C:\Users\Ghost\Desktop\MyCandyLocal\ComfyUI\custom_nodes\comfyui_controlnet_aux\node_wrappers\pose_keypoint_postprocess.py", line 11, in <module>
    from ..src.custom_controlnet_aux.dwpose import draw_poses, draw_animalposes, decode_json_as_poses
  File "C:\Users\Ghost\Desktop\MyCandyLocal\ComfyUI\custom_nodes\comfyui_controlnet_aux\src\custom_controlnet_aux\dwpose\__init__.py", line 17, in <module>
    from .hand import Hand
  File "C:\Users\Ghost\Desktop\MyCandyLocal\ComfyUI\custom_nodes\comfyui_controlnet_aux\src\custom_controlnet_aux\dwpose\hand.py", line 10, in <module>
    from skimage.measure import label
ModuleNotFoundError: No module named 'skimage'


[2025-12-03 09:04:41.875] 
[2025-12-03 09:04:41.880] [C:\Users\Ghost\Desktop\MyCandyLocal\ComfyUI\custom_nodes\comfyui_controlnet_aux] | INFO -> Some nodes failed to load:
	Failed to import module dwpose because ModuleNotFoundError: No module named 'skimage'
	Failed to import module pose_keypoint_postprocess because ModuleNotFoundError: No module named 'skimage'

Check that you properly installed the dependencies.
If you think this is a bug, please report it on the github page (https://github.com/Fannovel16/comfyui_controlnet_aux/issues)
[2025-12-03 09:04:41.905] Traceback (most recent call last):
  File "C:\Users\Ghost\Desktop\MyCandyLocal\ComfyUI\nodes.py", line 2131, in load_custom_node
    module_spec.loader.exec_module(module)
  File "<frozen importlib._bootstrap_external>", line 883, in exec_module
  File "<frozen importlib._bootstrap>", line 241, in _call_with_frames_removed
  File "C:\Users\Ghost\Desktop\MyCandyLocal\ComfyUI\custom_nodes\ComfyUI_FizzNodes\__init__.py", line 57, in <module>
    from .ScheduledNodes import (
  File "C:\Users\Ghost\Desktop\MyCandyLocal\ComfyUI\custom_nodes\ComfyUI_FizzNodes\ScheduledNodes.py", line 4, in <module>
    import numexpr
ModuleNotFoundError: No module named 'numexpr'

[2025-12-03 09:04:41.906] Cannot import C:\Users\Ghost\Desktop\MyCandyLocal\ComfyUI\custom_nodes\ComfyUI_FizzNodes module for custom nodes: No module named 'numexpr'
[2025-12-03 09:04:41.923] Traceback (most recent call last):
  File "C:\Users\Ghost\Desktop\MyCandyLocal\ComfyUI\nodes.py", line 2131, in load_custom_node
    module_spec.loader.exec_module(module)
  File "<frozen importlib._bootstrap_external>", line 883, in exec_module
  File "<frozen importlib._bootstrap>", line 241, in _call_with_frames_removed
  File "C:\Users\Ghost\Desktop\MyCandyLocal\ComfyUI\custom_nodes\ComfyUI_LayerStyle\__init__.py", line 35, in <module>
    imported_module = importlib.import_module(".py.{}".format(name), __name__)
  File "C:\Users\Ghost\AppData\Local\Programs\Python\Python310\lib\importlib\__init__.py", line 126, in import_module
    return _bootstrap._gcd_import(name[level:], package, level)
  File "<frozen importlib._bootstrap>", line 1050, in _gcd_import
  File "<frozen importlib._bootstrap>", line 1027, in _find_and_load
  File "<frozen importlib._bootstrap>", line 1006, in _find_and_load_unlocked
  File "<frozen importlib._bootstrap>", line 688, in _load_unlocked
  File "<frozen importlib._bootstrap_external>", line 883, in exec_module
  File "<frozen importlib._bootstrap>", line 241, in _call_with_frames_removed
  File "C:\Users\Ghost\Desktop\MyCandyLocal\ComfyUI\custom_nodes\ComfyUI_LayerStyle\py\add_grain.py", line 3, in <module>
    from .imagefunc import log, tensor2pil, image_add_grain, pil2tensor
  File "C:\Users\Ghost\Desktop\MyCandyLocal\ComfyUI\custom_nodes\ComfyUI_LayerStyle\py\imagefunc.py", line 30, in <module>
    from skimage import img_as_float, img_as_ubyte
ModuleNotFoundError: No module named 'skimage'

[2025-12-03 09:04:41.924] Cannot import C:\Users\Ghost\Desktop\MyCandyLocal\ComfyUI\custom_nodes\ComfyUI_LayerStyle module for custom nodes: No module named 'skimage'
[2025-12-03 09:04:41.937] Traceback (most recent call last):
  File "C:\Users\Ghost\Desktop\MyCandyLocal\ComfyUI\nodes.py", line 2131, in load_custom_node
    module_spec.loader.exec_module(module)
  File "<frozen importlib._bootstrap_external>", line 883, in exec_module
  File "<frozen importlib._bootstrap>", line 241, in _call_with_frames_removed
  File "C:\Users\Ghost\Desktop\MyCandyLocal\ComfyUI\custom_nodes\ComfyUI_Mira\__init__.py", line 11, in <module>
    from .Tagger import cl_tagger, camie_tagger
  File "C:\Users\Ghost\Desktop\MyCandyLocal\ComfyUI\custom_nodes\ComfyUI_Mira\Tagger.py", line 2, in <module>
    import onnxruntime as ort
ModuleNotFoundError: No module named 'onnxruntime'

[2025-12-03 09:04:41.938] Cannot import C:\Users\Ghost\Desktop\MyCandyLocal\ComfyUI\custom_nodes\ComfyUI_Mira module for custom nodes: No module named 'onnxruntime'
[2025-12-03 09:04:41.942] Traceback (most recent call last):
  File "C:\Users\Ghost\Desktop\MyCandyLocal\ComfyUI\nodes.py", line 2131, in load_custom_node
    module_spec.loader.exec_module(module)
  File "<frozen importlib._bootstrap_external>", line 883, in exec_module
  File "<frozen importlib._bootstrap>", line 241, in _call_with_frames_removed
  File "C:\Users\Ghost\Desktop\MyCandyLocal\ComfyUI\custom_nodes\comfyui_openvino\__init__.py", line 1, in <module>
    from .node_openvino import NODE_CLASS_MAPPINGS
  File "C:\Users\Ghost\Desktop\MyCandyLocal\ComfyUI\custom_nodes\comfyui_openvino\node_openvino.py", line 2, in <module>
    import openvino as ov
ModuleNotFoundError: No module named 'openvino'

[2025-12-03 09:04:41.943] Cannot import C:\Users\Ghost\Desktop\MyCandyLocal\ComfyUI\custom_nodes\comfyui_openvino module for custom nodes: No module named 'openvino'
[2025-12-03 09:04:42.025] Traceback (most recent call last):
  File "C:\Users\Ghost\Desktop\MyCandyLocal\ComfyUI\nodes.py", line 2131, in load_custom_node
    module_spec.loader.exec_module(module)
  File "<frozen importlib._bootstrap_external>", line 883, in exec_module
  File "<frozen importlib._bootstrap>", line 241, in _call_with_frames_removed
  File "C:\Users\Ghost\Desktop\MyCandyLocal\ComfyUI\custom_nodes\ComfyUI_smZNodes\__init__.py", line 61, in <module>
    from .nodes import NODE_CLASS_MAPPINGS, NODE_DISPLAY_NAME_MAPPINGS
  File "C:\Users\Ghost\Desktop\MyCandyLocal\ComfyUI\custom_nodes\ComfyUI_smZNodes\nodes.py", line 9, in <module>
    from .smZNodes import HijackClip, HijackClipComfy, get_learned_conditioning
  File "C:\Users\Ghost\Desktop\MyCandyLocal\ComfyUI\custom_nodes\ComfyUI_smZNodes\smZNodes.py", line 20, in <module>
    from .modules.text_processing import prompt_parser
  File "C:\Users\Ghost\Desktop\MyCandyLocal\ComfyUI\custom_nodes\ComfyUI_smZNodes\modules\text_processing\prompt_parser.py", line 5, in <module>
    from compel import Compel
  File "C:\Users\Ghost\Desktop\MyCandyLocal\ComfyUI_old\venv\lib\site-packages\compel\__init__.py", line 6, in <module>
    from compel.convenience_wrappers import *
  File "C:\Users\Ghost\Desktop\MyCandyLocal\ComfyUI_old\venv\lib\site-packages\compel\convenience_wrappers.py", line 5, in <module>
    from diffusers import FluxPipeline, StableDiffusionXLPipeline, StableDiffusionPipeline
  File "C:\Users\Ghost\Desktop\MyCandyLocal\ComfyUI_old\venv\lib\site-packages\diffusers\__init__.py", line 5, in <module>
    from .utils import (
  File "C:\Users\Ghost\Desktop\MyCandyLocal\ComfyUI_old\venv\lib\site-packages\diffusers\utils\__init__.py", line 38, in <module>
    from .dynamic_modules_utils import get_class_from_dynamic_module
  File "C:\Users\Ghost\Desktop\MyCandyLocal\ComfyUI_old\venv\lib\site-packages\diffusers\utils\dynamic_modules_utils.py", line 28, in <module>
    from huggingface_hub import cached_download, hf_hub_download, model_info
ImportError: cannot import name 'cached_download' from 'huggingface_hub' (C:\Users\Ghost\Desktop\MyCandyLocal\ComfyUI_old\venv\lib\site-packages\huggingface_hub\__init__.py)

[2025-12-03 09:04:42.027] Cannot import C:\Users\Ghost\Desktop\MyCandyLocal\ComfyUI\custom_nodes\ComfyUI_smZNodes module for custom nodes: cannot import name 'cached_download' from 'huggingface_hub' (C:\Users\Ghost\Desktop\MyCandyLocal\ComfyUI_old\venv\lib\site-packages\huggingface_hub\__init__.py)
[2025-12-03 09:04:42.128] [C:\Users\Ghost\Desktop\MyCandyLocal\ComfyUI\custom_nodes\comfy_mtb] | INFO -> loaded 95 nodes successfuly
[2025-12-03 09:04:42.130] [C:\Users\Ghost\Desktop\MyCandyLocal\ComfyUI\custom_nodes\comfy_mtb] | INFO -> Some nodes (18) could not be loaded. This can be ignored, but go to http://127.0.0.1:8188/mtb if you want more information.
[2025-12-03 09:04:42.220] Efficiency Nodes: Attempting to add Control Net options to the 'HiRes-Fix Script' Node (comfyui_controlnet_aux add-on)...Success!
[2025-12-03 09:04:42.223] Efficiency Nodes Warning: Failed to import python package 'simpleeval'; related nodes disabled.
[2025-12-03 09:04:42.223] 
[2025-12-03 09:04:42.230] Traceback (most recent call last):
  File "C:\Users\Ghost\Desktop\MyCandyLocal\ComfyUI\nodes.py", line 2131, in load_custom_node
    module_spec.loader.exec_module(module)
  File "<frozen importlib._bootstrap_external>", line 883, in exec_module
  File "<frozen importlib._bootstrap>", line 241, in _call_with_frames_removed
  File "C:\Users\Ghost\Desktop\MyCandyLocal\ComfyUI\custom_nodes\Jovimetrix\__init__.py", line 42, in <module>
    from cozy_comfyui import \
ModuleNotFoundError: No module named 'cozy_comfyui'

[2025-12-03 09:04:42.231] Cannot import C:\Users\Ghost\Desktop\MyCandyLocal\ComfyUI\custom_nodes\Jovimetrix module for custom nodes: No module named 'cozy_comfyui'
[2025-12-03 09:04:42.271] 
[2025-12-03 09:04:42.271] [rgthree-comfy] Loaded 48 exciting nodes. 🎉
[2025-12-03 09:04:42.272] 
[2025-12-03 09:04:42.292] Traceback (most recent call last):
  File "C:\Users\Ghost\Desktop\MyCandyLocal\ComfyUI\nodes.py", line 2131, in load_custom_node
    module_spec.loader.exec_module(module)
  File "<frozen importlib._bootstrap_external>", line 883, in exec_module
  File "<frozen importlib._bootstrap>", line 241, in _call_with_frames_removed
  File "C:\Users\Ghost\Desktop\MyCandyLocal\ComfyUI\custom_nodes\was-node-suite-comfyui\__init__.py", line 1, in <module>
    from .WAS_Node_Suite import NODE_CLASS_MAPPINGS
  File "C:\Users\Ghost\Desktop\MyCandyLocal\ComfyUI\custom_nodes\was-node-suite-comfyui\WAS_Node_Suite.py", line 44, in <module>
    from numba import jit
ModuleNotFoundError: No module named 'numba'

[2025-12-03 09:04:42.292] Cannot import C:\Users\Ghost\Desktop\MyCandyLocal\ComfyUI\custom_nodes\was-node-suite-comfyui module for custom nodes: No module named 'numba'
[2025-12-03 09:04:42.294] 
Import times for custom nodes:
[2025-12-03 09:04:42.294]    0.0 seconds: C:\Users\Ghost\Desktop\MyCandyLocal\ComfyUI\custom_nodes\websocket_image_save.py
[2025-12-03 09:04:42.295]    0.0 seconds: C:\Users\Ghost\Desktop\MyCandyLocal\ComfyUI\custom_nodes\sdxl_prompt_styler
[2025-12-03 09:04:42.298]    0.0 seconds: C:\Users\Ghost\Desktop\MyCandyLocal\ComfyUI\custom_nodes\ComfyUI-Image-Selector
[2025-12-03 09:04:42.298]    0.0 seconds: C:\Users\Ghost\Desktop\MyCandyLocal\ComfyUI\custom_nodes\sd-dynamic-thresholding
[2025-12-03 09:04:42.300]    0.0 seconds (IMPORT FAILED): C:\Users\Ghost\Desktop\MyCandyLocal\ComfyUI\custom_nodes\Jovimetrix
[2025-12-03 09:04:42.301]    0.0 seconds: C:\Users\Ghost\Desktop\MyCandyLocal\ComfyUI\custom_nodes\ComfyUI-IC-Light-Native
[2025-12-03 09:04:42.301]    0.0 seconds (IMPORT FAILED): C:\Users\Ghost\Desktop\MyCandyLocal\ComfyUI\custom_nodes\comfyui_openvino
[2025-12-03 09:04:42.302]    0.0 seconds (IMPORT FAILED): C:\Users\Ghost\Desktop\MyCandyLocal\ComfyUI\custom_nodes\ComfyUI-WD14-Tagger
[2025-12-03 09:04:42.303]    0.0 seconds (IMPORT FAILED): C:\Users\Ghost\Desktop\MyCandyLocal\ComfyUI\custom_nodes\ComfyUI-Impact-Pack
[2025-12-03 09:04:42.304]    0.0 seconds (IMPORT FAILED): C:\Users\Ghost\Desktop\MyCandyLocal\ComfyUI\custom_nodes\ComfyUI-TeaCache
[2025-12-03 09:04:42.304]    0.0 seconds (IMPORT FAILED): C:\Users\Ghost\Desktop\MyCandyLocal\ComfyUI\custom_nodes\comfyui-propost
[2025-12-03 09:04:42.305]    0.0 seconds: C:\Users\Ghost\Desktop\MyCandyLocal\ComfyUI\custom_nodes\mikey_nodes
[2025-12-03 09:04:42.305]    0.0 seconds (IMPORT FAILED): C:\Users\Ghost\Desktop\MyCandyLocal\ComfyUI\custom_nodes\ComfyUI_FizzNodes
[2025-12-03 09:04:42.306]    0.0 seconds: C:\Users\Ghost\Desktop\MyCandyLocal\ComfyUI\custom_nodes\ComfyUI_IPAdapter_plus
[2025-12-03 09:04:42.306]    0.0 seconds: C:\Users\Ghost\Desktop\MyCandyLocal\ComfyUI\custom_nodes\cg-use-everywhere
[2025-12-03 09:04:42.307]    0.0 seconds (IMPORT FAILED): C:\Users\Ghost\Desktop\MyCandyLocal\ComfyUI\custom_nodes\ComfyUI_LayerStyle
[2025-12-03 09:04:42.308]    0.0 seconds (IMPORT FAILED): C:\Users\Ghost\Desktop\MyCandyLocal\ComfyUI\custom_nodes\was-node-suite-comfyui
[2025-12-03 09:04:42.308]    0.0 seconds (IMPORT FAILED): C:\Users\Ghost\Desktop\MyCandyLocal\ComfyUI\custom_nodes\ComfyUI-Impact-Subpack
[2025-12-03 09:04:42.309]    0.0 seconds (IMPORT FAILED): C:\Users\Ghost\Desktop\MyCandyLocal\ComfyUI\custom_nodes\ComfyUI-layerdiffuse
[2025-12-03 09:04:42.309]    0.0 seconds: C:\Users\Ghost\Desktop\MyCandyLocal\ComfyUI\custom_nodes\ComfyUI_essentials
[2025-12-03 09:04:42.310]    0.0 seconds: C:\Users\Ghost\Desktop\MyCandyLocal\ComfyUI\custom_nodes\comfyui-portrait-master
[2025-12-03 09:04:42.311]    0.0 seconds: C:\Users\Ghost\Desktop\MyCandyLocal\ComfyUI\custom_nodes\ComfyUI-Custom-Scripts
[2025-12-03 09:04:42.313]    0.0 seconds (IMPORT FAILED): C:\Users\Ghost\Desktop\MyCandyLocal\ComfyUI\custom_nodes\ComfyUI_Mira
[2025-12-03 09:04:42.313]    0.0 seconds: C:\Users\Ghost\Desktop\MyCandyLocal\ComfyUI\custom_nodes\ComfyUI-DepthAnythingV2
[2025-12-03 09:04:42.316]    0.0 seconds: C:\Users\Ghost\Desktop\MyCandyLocal\ComfyUI\custom_nodes\ComfyUI-Frame-Interpolation
[2025-12-03 09:04:42.316]    0.0 seconds: C:\Users\Ghost\Desktop\MyCandyLocal\ComfyUI\custom_nodes\Derfuu_ComfyUI_ModdedNodes
[2025-12-03 09:04:42.317]    0.0 seconds: C:\Users\Ghost\Desktop\MyCandyLocal\ComfyUI\custom_nodes\ComfyUI_UltimateSDUpscale
[2025-12-03 09:04:42.317]    0.0 seconds: C:\Users\Ghost\Desktop\MyCandyLocal\ComfyUI\custom_nodes\ComfyUI-KJNodes
[2025-12-03 09:04:42.318]    0.0 seconds: C:\Users\Ghost\Desktop\MyCandyLocal\ComfyUI\custom_nodes\ComfyUI-GGUF
[2025-12-03 09:04:42.319]    0.0 seconds: C:\Users\Ghost\Desktop\MyCandyLocal\ComfyUI\custom_nodes\ComfyUI-Manager
[2025-12-03 09:04:42.320]    0.0 seconds: C:\Users\Ghost\Desktop\MyCandyLocal\ComfyUI\custom_nodes\ComfyUI-Advanced-ControlNet
[2025-12-03 09:04:42.320]    0.0 seconds (IMPORT FAILED): C:\Users\Ghost\Desktop\MyCandyLocal\ComfyUI\custom_nodes\ComfyUI-Crystools
[2025-12-03 09:04:42.321]    0.0 seconds: C:\Users\Ghost\Desktop\MyCandyLocal\ComfyUI\custom_nodes\rgthree-comfy
[2025-12-03 09:04:42.321]    0.0 seconds: C:\Users\Ghost\Desktop\MyCandyLocal\ComfyUI\custom_nodes\ComfyUI-VideoHelperSuite
[2025-12-03 09:04:42.322]    0.1 seconds: C:\Users\Ghost\Desktop\MyCandyLocal\ComfyUI\custom_nodes\ComfyUI_Comfyroll_CustomNodes
[2025-12-03 09:04:42.322]    0.1 seconds (IMPORT FAILED): C:\Users\Ghost\Desktop\MyCandyLocal\ComfyUI\custom_nodes\ComfyUI-DepthCrafter-Nodes
[2025-12-03 09:04:42.323]    0.1 seconds: C:\Users\Ghost\Desktop\MyCandyLocal\ComfyUI\custom_nodes\ComfyUI-AnimateDiff-Evolved
[2025-12-03 09:04:42.324]    0.1 seconds (IMPORT FAILED): C:\Users\Ghost\Desktop\MyCandyLocal\ComfyUI\custom_nodes\ComfyUI-AKatz-Nodes
[2025-12-03 09:04:42.324]    0.1 seconds: C:\Users\Ghost\Desktop\MyCandyLocal\ComfyUI\custom_nodes\efficiency-nodes-comfyui
[2025-12-03 09:04:42.325]    0.1 seconds: C:\Users\Ghost\Desktop\MyCandyLocal\ComfyUI\custom_nodes\comfyui_controlnet_aux
[2025-12-03 09:04:42.325]    0.1 seconds: C:\Users\Ghost\Desktop\MyCandyLocal\ComfyUI\custom_nodes\ComfyUI-Inspire-Pack
[2025-12-03 09:04:42.326]    0.1 seconds (IMPORT FAILED): C:\Users\Ghost\Desktop\MyCandyLocal\ComfyUI\custom_nodes\ComfyUI_smZNodes
[2025-12-03 09:04:42.327]    0.1 seconds: C:\Users\Ghost\Desktop\MyCandyLocal\ComfyUI\custom_nodes\comfy_mtb
[2025-12-03 09:04:42.328]    0.1 seconds: C:\Users\Ghost\Desktop\MyCandyLocal\ComfyUI\custom_nodes\ComfyUI-to-Python-Extension
[2025-12-03 09:04:42.330]    0.1 seconds: C:\Users\Ghost\Desktop\MyCandyLocal\ComfyUI\custom_nodes\ComfyUI-Florence2
[2025-12-03 09:04:42.330]    0.3 seconds: C:\Users\Ghost\Desktop\MyCandyLocal\ComfyUI\custom_nodes\ComfyUI-Detail-Daemon
[2025-12-03 09:04:42.331]    0.4 seconds: C:\Users\Ghost\Desktop\MyCandyLocal\ComfyUI\custom_nodes\ComfyUI-Easy-Use
[2025-12-03 09:04:42.332]    0.4 seconds (IMPORT FAILED): C:\Users\Ghost\Desktop\MyCandyLocal\ComfyUI\custom_nodes\ComfyUI-SAM2
[2025-12-03 09:04:42.333] 
[2025-12-03 09:04:42.898] Context impl SQLiteImpl.
[2025-12-03 09:04:42.899] Will assume non-transactional DDL.
[2025-12-03 09:04:42.901] No target revision found.
[2025-12-03 09:04:42.946] Starting server

[2025-12-03 09:04:42.947] To see the GUI go to: http://127.0.0.1:8188
[2025-12-03 09:04:44.969] FETCH ComfyRegistry Data: 5/109
[2025-12-03 09:04:48.512] FETCH ComfyRegistry Data: 10/109
[2025-12-03 09:04:52.102] FETCH ComfyRegistry Data: 15/109
[2025-12-03 09:04:55.710] FETCH ComfyRegistry Data: 20/109
[2025-12-03 09:04:59.303] FETCH ComfyRegistry Data: 25/109
[2025-12-03 09:05:02.880] FETCH ComfyRegistry Data: 30/109
[2025-12-03 09:05:06.447] FETCH ComfyRegistry Data: 35/109
[2025-12-03 09:05:10.027] FETCH ComfyRegistry Data: 40/109
[2025-12-03 09:05:13.590] FETCH ComfyRegistry Data: 45/109
[2025-12-03 09:05:17.172] FETCH ComfyRegistry Data: 50/109
[2025-12-03 09:05:20.753] FETCH ComfyRegistry Data: 55/109
[2025-12-03 09:05:24.334] FETCH ComfyRegistry Data: 60/109
[2025-12-03 09:05:27.917] FETCH ComfyRegistry Data: 65/109
[2025-12-03 09:05:31.830] FETCH ComfyRegistry Data: 70/109
[2025-12-03 09:05:35.780] FETCH ComfyRegistry Data: 75/109
[2025-12-03 09:05:39.436] FETCH ComfyRegistry Data: 80/109
[2025-12-03 09:05:43.092] FETCH ComfyRegistry Data: 85/109
[2025-12-03 09:05:46.749] FETCH ComfyRegistry Data: 90/109
[2025-12-03 09:05:50.393] FETCH ComfyRegistry Data: 95/109
[2025-12-03 09:05:53.955] FETCH ComfyRegistry Data: 100/109
[2025-12-03 09:05:57.538] FETCH ComfyRegistry Data: 105/109
[2025-12-03 09:06:00.898] FETCH ComfyRegistry Data [DONE]
[2025-12-03 09:06:01.108] [ComfyUI-Manager] default cache updated: https://api.comfy.org/nodes
[2025-12-03 09:06:01.143] FETCH DATA from: https://raw.githubusercontent.com/ltdrdata/ComfyUI-Manager/main/custom-node-list.json [DONE]
[2025-12-03 09:06:01.383] [ComfyUI-Manager] All startup tasks have been completed.
