## ComfyUI-Manager: installing dependencies done.
[2025-12-01 23:17:32.748] ** ComfyUI startup time: 2025-12-01 23:17:32.748
[2025-12-01 23:17:32.748] ** Platform: Windows
[2025-12-01 23:17:32.748] ** Python version: 3.12.12 (main, Oct 31 2025, 23:00:21) [MSC v.1944 64 bit (AMD64)]
[2025-12-01 23:17:32.748] ** Python executable: C:\Users\Ghost\Desktop\MyCandyLocal\ComfyUI\python_standalone\python.exe
[2025-12-01 23:17:32.748] ** ComfyUI Path: C:\Users\Ghost\Desktop\MyCandyLocal\ComfyUI
[2025-12-01 23:17:32.748] ** ComfyUI Base Folder Path: C:\Users\Ghost\Desktop\MyCandyLocal\ComfyUI
[2025-12-01 23:17:32.748] ** User directory: C:\Users\Ghost\Desktop\MyCandyLocal\ComfyUI\user
[2025-12-01 23:17:32.748] ** ComfyUI-Manager config path: C:\Users\Ghost\Desktop\MyCandyLocal\ComfyUI\user\default\ComfyUI-Manager\config.ini
[2025-12-01 23:17:32.749] ** Log path: C:\Users\Ghost\Desktop\MyCandyLocal\ComfyUI\user\comfyui.log

Prestartup times for custom nodes:
[2025-12-01 23:17:35.421]    0.0 seconds: C:\Users\Ghost\Desktop\MyCandyLocal\ComfyUI\custom_nodes\rgthree-comfy
[2025-12-01 23:17:35.421]    0.0 seconds: C:\Users\Ghost\Desktop\MyCandyLocal\ComfyUI\custom_nodes\ComfyUI-Easy-Use
[2025-12-01 23:17:35.421]    6.0 seconds: C:\Users\Ghost\Desktop\MyCandyLocal\ComfyUI\custom_nodes\ComfyUI-Manager
[2025-12-01 23:17:35.421] 
[2025-12-01 23:17:37.718] Checkpoint files will always be loaded safely.
[2025-12-01 23:17:37.909] Total VRAM 11940 MB, total RAM 32691 MB
[2025-12-01 23:17:37.909] pytorch version: 2.9.1+xpu
[2025-12-01 23:17:37.910] Set vram state to: NORMAL_VRAM
[2025-12-01 23:17:37.910] Disabling smart memory management
[2025-12-01 23:17:37.910] Device: xpu:0 Intel(R) Arc(TM) B580 Graphics
[2025-12-01 23:17:39.872] Using pytorch attention
