## ComfyUI-Manager: installing dependencies done.
[2025-12-05 23:24:19.485] ** ComfyUI startup time: 2025-12-05 23:24:19.485
[2025-12-05 23:24:19.485] ** Platform: Windows
[2025-12-05 23:24:19.486] ** Python version: 3.10.11 (tags/v3.10.11:7d4cc5a, Apr  5 2023, 00:38:17) [MSC v.1929 64 bit (AMD64)]
[2025-12-05 23:24:19.486] ** Python executable: C:\Users\Ghost\Desktop\MyCandyLocal\ComfyUI\venv\Scripts\python.exe
[2025-12-05 23:24:19.486] ** ComfyUI Path: C:\Users\Ghost\Desktop\MyCandyLocal\ComfyUI
[2025-12-05 23:24:19.487] ** ComfyUI Base Folder Path: C:\Users\Ghost\Desktop\MyCandyLocal\ComfyUI
[2025-12-05 23:24:19.487] ** User directory: C:\Users\Ghost\Desktop\MyCandyLocal\ComfyUI\user
[2025-12-05 23:24:19.487] ** ComfyUI-Manager config path: C:\Users\Ghost\Desktop\MyCandyLocal\ComfyUI\user\default\ComfyUI-Manager\config.ini
[2025-12-05 23:24:19.488] ** Log path: C:\Users\Ghost\Desktop\MyCandyLocal\ComfyUI\user\comfyui.log

Prestartup times for custom nodes:
[2025-12-05 23:24:21.176]    0.0 seconds: C:\Users\Ghost\Desktop\MyCandyLocal\ComfyUI\custom_nodes\rgthree-comfy
[2025-12-05 23:24:21.176]    0.0 seconds: C:\Users\Ghost\Desktop\MyCandyLocal\ComfyUI\custom_nodes\ComfyUI-Easy-Use
[2025-12-05 23:24:21.176]    4.3 seconds: C:\Users\Ghost\Desktop\MyCandyLocal\ComfyUI\custom_nodes\ComfyUI-Manager
[2025-12-05 23:24:21.176] 
[2025-12-05 23:24:23.255] Checkpoint files will always be loaded safely.
[2025-12-05 23:24:23.421] Total VRAM 11940 MB, total RAM 32691 MB
[2025-12-05 23:24:23.421] pytorch version: 2.9.1+xpu
[2025-12-05 23:24:23.422] Set vram state to: NORMAL_VRAM
[2025-12-05 23:24:23.422] Disabling smart memory management
[2025-12-05 23:24:23.423] Device: xpu:0 Intel(R) Arc(TM) B580 Graphics
[2025-12-05 23:24:25.257] Using pytorch attention
[2025-12-05 23:24:27.725] Python version: 3.10.11 (tags/v3.10.11:7d4cc5a, Apr  5 2023, 00:38:17) [MSC v.1929 64 bit (AMD64)]
[2025-12-05 23:24:27.726] ComfyUI version: 0.3.68
[2025-12-05 23:24:27.755] ComfyUI frontend version: 1.28.8
[2025-12-05 23:24:27.758] [Prompt Server] web root: C:\Users\Ghost\Desktop\MyCandyLocal\ComfyUI\venv\lib\site-packages\comfyui_frontend_package\static
[2025-12-05 23:24:29.291] 
💜 AKATZ NODES 💜
[2025-12-05 23:24:29.291] 
[2025-12-05 23:24:29.441] Note: NumExpr detected 24 cores but "NUMEXPR_MAX_THREADS" not set, so enforcing safe limit of 16.
[2025-12-05 23:24:29.442] NumExpr defaulting to 16 threads.
[2025-12-05 23:24:29.775] [Crystools [0;32mINFO[0m] Crystools version: 1.27.4
[2025-12-05 23:24:29.797] [Crystools [0;32mINFO[0m] Platform release: 10
[2025-12-05 23:24:29.797] [Crystools [0;32mINFO[0m] JETSON: Not detected.
[2025-12-05 23:24:29.799] [Crystools [0;32mINFO[0m] CPU: AMD Ryzen 9 3900X 12-Core Processor - Arch: AMD64 - OS: Windows 10
[2025-12-05 23:24:29.799] [Crystools [0;31mERROR[0m] pynvml is not installed. No module named 'pynvml'
[2025-12-05 23:24:29.800] [Crystools [0;33mWARNING[0m] No GPU monitoring libraries available.
[2025-12-05 23:24:29.832] xFormers not available
[2025-12-05 23:24:29.835] xFormers not available
[2025-12-05 23:24:29.897] Traceback (most recent call last):
  File "C:\Users\Ghost\Desktop\MyCandyLocal\ComfyUI\nodes.py", line 2131, in load_custom_node
    module_spec.loader.exec_module(module)
  File "<frozen importlib._bootstrap_external>", line 883, in exec_module
  File "<frozen importlib._bootstrap>", line 241, in _call_with_frames_removed
  File "C:\Users\Ghost\Desktop\MyCandyLocal\ComfyUI\custom_nodes\ComfyUI-DepthCrafter-Nodes\__init__.py", line 8, in <module>
    from .nodes import DownloadAndLoadDepthCrafterModel, DepthCrafter
  File "C:\Users\Ghost\Desktop\MyCandyLocal\ComfyUI\custom_nodes\ComfyUI-DepthCrafter-Nodes\nodes.py", line 8, in <module>
    from .depthcrafter.unet import DiffusersUNetSpatioTemporalConditionModelDepthCrafter
  File "C:\Users\Ghost\Desktop\MyCandyLocal\ComfyUI\custom_nodes\ComfyUI-DepthCrafter-Nodes\depthcrafter\unet.py", line 4, in <module>
    from diffusers import UNetSpatioTemporalConditionModel
  File "C:\Users\Ghost\Desktop\MyCandyLocal\ComfyUI\venv\lib\site-packages\diffusers\__init__.py", line 5, in <module>
    from .utils import (
  File "C:\Users\Ghost\Desktop\MyCandyLocal\ComfyUI\venv\lib\site-packages\diffusers\utils\__init__.py", line 38, in <module>
    from .dynamic_modules_utils import get_class_from_dynamic_module
  File "C:\Users\Ghost\Desktop\MyCandyLocal\ComfyUI\venv\lib\site-packages\diffusers\utils\dynamic_modules_utils.py", line 28, in <module>
    from huggingface_hub import cached_download, hf_hub_download, model_info
ImportError: cannot import name 'cached_download' from 'huggingface_hub' (C:\Users\Ghost\Desktop\MyCandyLocal\ComfyUI\venv\lib\site-packages\huggingface_hub\__init__.py)

[2025-12-05 23:24:29.899] Cannot import C:\Users\Ghost\Desktop\MyCandyLocal\ComfyUI\custom_nodes\ComfyUI-DepthCrafter-Nodes module for custom nodes: cannot import name 'cached_download' from 'huggingface_hub' (C:\Users\Ghost\Desktop\MyCandyLocal\ComfyUI\venv\lib\site-packages\huggingface_hub\__init__.py)
[2025-12-05 23:24:30.557] Module 'diffusers' load failed. If you don't have it installed, do it:
[2025-12-05 23:24:30.558] pip install diffusers
[2025-12-05 23:24:30.576] [ComfyUI-Easy-Use] server: v1.3.4 Loaded
[2025-12-05 23:24:30.577] [ComfyUI-Easy-Use] web root: C:\Users\Ghost\Desktop\MyCandyLocal\ComfyUI\custom_nodes\ComfyUI-Easy-Use\web_version/v2 Loaded
[2025-12-05 23:24:30.719] ComfyUI-GGUF: Allowing full torch compile
[2025-12-05 23:24:30.729] ### Loading: ComfyUI-Impact-Pack (V8.25.1)
[2025-12-05 23:24:30.756] 
----------------------------------------------------------------------------
[Impact Pack] The SAM2 functionality is unavailable because the `facebook/sam2` dependency is not installed.

Installation command:
C:\Users\Ghost\Desktop\MyCandyLocal\ComfyUI\venv\Scripts\python.exe -m pip install git+https://github.com/facebookresearch/sam2
----------------------------------------------------------------------------

[2025-12-05 23:24:30.771] 
----------------------------------------------------------------------------
[Impact Pack] The SAM2 functionality is unavailable because the `facebook/sam2` dependency is not installed.

Installation command:
C:\Users\Ghost\Desktop\MyCandyLocal\ComfyUI\venv\Scripts\python.exe -m pip install git+https://github.com/facebookresearch/sam2
----------------------------------------------------------------------------

[2025-12-05 23:24:30.786] [Impact Pack] Wildcards loading done.
[2025-12-05 23:24:30.793] ### Loading: ComfyUI-Impact-Subpack (V1.3.5)
[2025-12-05 23:24:30.796] [Impact Pack/Subpack] Using folder_paths to determine whitelist path: C:\Users\Ghost\Desktop\MyCandyLocal\ComfyUI\user\default\ComfyUI-Impact-Subpack\model-whitelist.txt
[2025-12-05 23:24:30.796] [Impact Pack/Subpack] Ensured whitelist directory exists: C:\Users\Ghost\Desktop\MyCandyLocal\ComfyUI\user\default\ComfyUI-Impact-Subpack
[2025-12-05 23:24:30.797] [Impact Pack/Subpack] Loaded 0 model(s) from whitelist: C:\Users\Ghost\Desktop\MyCandyLocal\ComfyUI\user\default\ComfyUI-Impact-Subpack\model-whitelist.txt
[2025-12-05 23:24:30.880] [Impact Subpack] ultralytics_bbox: C:\Users\Ghost\Desktop\MyCandyLocal\ComfyUI\models\ultralytics\bbox
[2025-12-05 23:24:30.881] [Impact Subpack] ultralytics_segm: C:\Users\Ghost\Desktop\MyCandyLocal\ComfyUI\models\ultralytics\segm
[2025-12-05 23:24:30.884] ### Loading: ComfyUI-Inspire-Pack (V1.22.2)
[2025-12-05 23:24:30.986] Traceback (most recent call last):
  File "C:\Users\Ghost\Desktop\MyCandyLocal\ComfyUI\nodes.py", line 2131, in load_custom_node
    module_spec.loader.exec_module(module)
  File "<frozen importlib._bootstrap_external>", line 883, in exec_module
  File "<frozen importlib._bootstrap>", line 241, in _call_with_frames_removed
  File "C:\Users\Ghost\Desktop\MyCandyLocal\ComfyUI\custom_nodes\ComfyUI-layerdiffuse\__init__.py", line 1, in <module>
    from .layered_diffusion import NODE_CLASS_MAPPINGS, NODE_DISPLAY_NAME_MAPPINGS
  File "C:\Users\Ghost\Desktop\MyCandyLocal\ComfyUI\custom_nodes\ComfyUI-layerdiffuse\layered_diffusion.py", line 22, in <module>
    from .lib_layerdiffusion.models import TransparentVAEDecoder
  File "C:\Users\Ghost\Desktop\MyCandyLocal\ComfyUI\custom_nodes\ComfyUI-layerdiffuse\lib_layerdiffusion\models.py", line 8, in <module>
    from diffusers.configuration_utils import ConfigMixin, register_to_config
  File "C:\Users\Ghost\Desktop\MyCandyLocal\ComfyUI\venv\lib\site-packages\diffusers\__init__.py", line 5, in <module>
    from .utils import (
  File "C:\Users\Ghost\Desktop\MyCandyLocal\ComfyUI\venv\lib\site-packages\diffusers\utils\__init__.py", line 38, in <module>
    from .dynamic_modules_utils import get_class_from_dynamic_module
  File "C:\Users\Ghost\Desktop\MyCandyLocal\ComfyUI\venv\lib\site-packages\diffusers\utils\dynamic_modules_utils.py", line 28, in <module>
    from huggingface_hub import cached_download, hf_hub_download, model_info
ImportError: cannot import name 'cached_download' from 'huggingface_hub' (C:\Users\Ghost\Desktop\MyCandyLocal\ComfyUI\venv\lib\site-packages\huggingface_hub\__init__.py)

[2025-12-05 23:24:30.988] Cannot import C:\Users\Ghost\Desktop\MyCandyLocal\ComfyUI\custom_nodes\ComfyUI-layerdiffuse module for custom nodes: cannot import name 'cached_download' from 'huggingface_hub' (C:\Users\Ghost\Desktop\MyCandyLocal\ComfyUI\venv\lib\site-packages\huggingface_hub\__init__.py)
[2025-12-05 23:24:30.997] ### Loading: ComfyUI-Manager (V3.37.1)
[2025-12-05 23:24:30.998] [ComfyUI-Manager] network_mode: public
[2025-12-05 23:24:30.999] ### ComfyUI Revision: UNKNOWN (The currently installed ComfyUI is not a Git repository)
[2025-12-05 23:24:31.100] [ComfyUI-Manager] default cache updated: https://raw.githubusercontent.com/ltdrdata/ComfyUI-Manager/main/alter-list.json
[2025-12-05 23:24:31.156] [ComfyUI-Manager] default cache updated: https://raw.githubusercontent.com/ltdrdata/ComfyUI-Manager/main/model-list.json
[2025-12-05 23:24:31.241] [ComfyUI-Manager] default cache updated: https://raw.githubusercontent.com/ltdrdata/ComfyUI-Manager/main/extension-node-map.json
[2025-12-05 23:24:31.278] [ComfyUI-Manager] default cache updated: https://raw.githubusercontent.com/ltdrdata/ComfyUI-Manager/main/github-stats.json
[2025-12-05 23:24:31.363] [ComfyUI-Manager] default cache updated: https://raw.githubusercontent.com/ltdrdata/ComfyUI-Manager/main/custom-node-list.json
[2025-12-05 23:24:32.089] Traceback (most recent call last):
  File "C:\Users\Ghost\Desktop\MyCandyLocal\ComfyUI\nodes.py", line 2131, in load_custom_node
    module_spec.loader.exec_module(module)
  File "<frozen importlib._bootstrap_external>", line 883, in exec_module
  File "<frozen importlib._bootstrap>", line 241, in _call_with_frames_removed
  File "C:\Users\Ghost\Desktop\MyCandyLocal\ComfyUI\custom_nodes\ComfyUI-SAM2\__init__.py", line 1, in <module>
    from .node import SAM2ModelLoader, GroundingDinoModelLoader, GroundingDinoSAM2Segment, InvertMask, IsMaskEmptyNode
  File "C:\Users\Ghost\Desktop\MyCandyLocal\ComfyUI\custom_nodes\ComfyUI-SAM2\node.py", line 22, in <module>
    from local_groundingdino.models import build_model as local_groundingdino_build_model
  File "C:\Users\Ghost\Desktop\MyCandyLocal\ComfyUI\custom_nodes\ComfyUI-SAM2\local_groundingdino\models\__init__.py", line 8, in <module>
    from .GroundingDINO import build_groundingdino
  File "C:\Users\Ghost\Desktop\MyCandyLocal\ComfyUI\custom_nodes\ComfyUI-SAM2\local_groundingdino\models\GroundingDINO\__init__.py", line 15, in <module>
    from .groundingdino import build_groundingdino
  File "C:\Users\Ghost\Desktop\MyCandyLocal\ComfyUI\custom_nodes\ComfyUI-SAM2\local_groundingdino\models\GroundingDINO\groundingdino.py", line 32, in <module>
    from .backbone import build_backbone
  File "C:\Users\Ghost\Desktop\MyCandyLocal\ComfyUI\custom_nodes\ComfyUI-SAM2\local_groundingdino\models\GroundingDINO\backbone\__init__.py", line 1, in <module>
    from .backbone import build_backbone
  File "C:\Users\Ghost\Desktop\MyCandyLocal\ComfyUI\custom_nodes\ComfyUI-SAM2\local_groundingdino\models\GroundingDINO\backbone\backbone.py", line 30, in <module>
    from .swin_transformer import build_swin_transformer
  File "C:\Users\Ghost\Desktop\MyCandyLocal\ComfyUI\custom_nodes\ComfyUI-SAM2\local_groundingdino\models\GroundingDINO\backbone\swin_transformer.py", line 19, in <module>
    from timm.models.layers import DropPath, to_2tuple, trunc_normal_
ModuleNotFoundError: No module named 'timm'

[2025-12-05 23:24:32.091] Cannot import C:\Users\Ghost\Desktop\MyCandyLocal\ComfyUI\custom_nodes\ComfyUI-SAM2 module for custom nodes: No module named 'timm'
[2025-12-05 23:24:32.100] Traceback (most recent call last):
  File "C:\Users\Ghost\Desktop\MyCandyLocal\ComfyUI\nodes.py", line 2131, in load_custom_node
    module_spec.loader.exec_module(module)
  File "<frozen importlib._bootstrap_external>", line 883, in exec_module
  File "<frozen importlib._bootstrap>", line 241, in _call_with_frames_removed
  File "C:\Users\Ghost\Desktop\MyCandyLocal\ComfyUI\custom_nodes\ComfyUI-TeaCache\__init__.py", line 2, in <module>
    from .nodes_diffusers import NODE_CLASS_MAPPINGS as DIFFUSERS_NODE_CLASS, NODE_DISPLAY_NAME_MAPPINGS as DIFFUSERS_NODES_DISPLAY
  File "C:\Users\Ghost\Desktop\MyCandyLocal\ComfyUI\custom_nodes\ComfyUI-TeaCache\nodes_diffusers.py", line 6, in <module>
    from diffusers.models.modeling_outputs import Transformer2DModelOutput
  File "C:\Users\Ghost\Desktop\MyCandyLocal\ComfyUI\venv\lib\site-packages\diffusers\__init__.py", line 5, in <module>
    from .utils import (
  File "C:\Users\Ghost\Desktop\MyCandyLocal\ComfyUI\venv\lib\site-packages\diffusers\utils\__init__.py", line 38, in <module>
    from .dynamic_modules_utils import get_class_from_dynamic_module
  File "C:\Users\Ghost\Desktop\MyCandyLocal\ComfyUI\venv\lib\site-packages\diffusers\utils\dynamic_modules_utils.py", line 28, in <module>
    from huggingface_hub import cached_download, hf_hub_download, model_info
ImportError: cannot import name 'cached_download' from 'huggingface_hub' (C:\Users\Ghost\Desktop\MyCandyLocal\ComfyUI\venv\lib\site-packages\huggingface_hub\__init__.py)

[2025-12-05 23:24:32.100] Cannot import C:\Users\Ghost\Desktop\MyCandyLocal\ComfyUI\custom_nodes\ComfyUI-TeaCache module for custom nodes: cannot import name 'cached_download' from 'huggingface_hub' (C:\Users\Ghost\Desktop\MyCandyLocal\ComfyUI\venv\lib\site-packages\huggingface_hub\__init__.py)
[2025-12-05 23:24:32.211] ComfyUI found: C:\Users\Ghost\Desktop\MyCandyLocal\ComfyUI
[2025-12-05 23:24:32.211] 'C:\Users\Ghost\Desktop\MyCandyLocal\ComfyUI' added to sys.path
[2025-12-05 23:24:32.220] [VideoHelperSuite] - WARNING - Failed to import imageio_ffmpeg
[2025-12-05 23:24:32.259] (pysssss:WD14Tagger) [DEBUG] Available ORT providers: AzureExecutionProvider, CPUExecutionProvider
[2025-12-05 23:24:32.259] (pysssss:WD14Tagger) [DEBUG] Using ORT providers: CUDAExecutionProvider, CPUExecutionProvider
[2025-12-05 23:24:32.294] ------------------------------------------
[2025-12-05 23:24:32.295] Comfyroll Studio v1.76 :  175 Nodes Loaded
[2025-12-05 23:24:32.295] ------------------------------------------
[2025-12-05 23:24:32.296] ** For changes, please see patch notes at https://github.com/Suzie1/ComfyUI_Comfyroll_CustomNodes/blob/main/Patch_Notes.md
[2025-12-05 23:24:32.297] ** For help, please see the wiki at https://github.com/Suzie1/ComfyUI_Comfyroll_CustomNodes/wiki
[2025-12-05 23:24:32.297] ------------------------------------------
[2025-12-05 23:24:32.312] [C:\Users\Ghost\Desktop\MyCandyLocal\ComfyUI\custom_nodes\comfyui_controlnet_aux] | INFO -> Using ckpts path: C:\Users\Ghost\Desktop\MyCandyLocal\ComfyUI\custom_nodes\comfyui_controlnet_aux\ckpts
[2025-12-05 23:24:32.313] [C:\Users\Ghost\Desktop\MyCandyLocal\ComfyUI\custom_nodes\comfyui_controlnet_aux] | INFO -> Using symlinks: False
[2025-12-05 23:24:32.315] [C:\Users\Ghost\Desktop\MyCandyLocal\ComfyUI\custom_nodes\comfyui_controlnet_aux] | INFO -> Using ort providers: ['CUDAExecutionProvider', 'DirectMLExecutionProvider', 'OpenVINOExecutionProvider', 'ROCMExecutionProvider', 'CPUExecutionProvider', 'CoreMLExecutionProvider']
[2025-12-05 23:24:32.340] C:\Users\Ghost\Desktop\MyCandyLocal\ComfyUI\custom_nodes\comfyui_controlnet_aux\node_wrappers\dwpose.py:26: UserWarning: DWPose: Onnxruntime not found or doesn't come with acceleration providers, switch to OpenCV with CPU device. DWPose might run very slowly
  warnings.warn("DWPose: Onnxruntime not found or doesn't come with acceleration providers, switch to OpenCV with CPU device. DWPose might run very slowly")
[2025-12-05 23:24:32.375] FizzleDorf Custom Nodes: Loaded
[2025-12-05 23:24:32.403] # 😺dzNodes: LayerStyle -> Cannot import name 'guidedFilter' from 'cv2.ximgproc'
A few nodes cannot works properly, while most nodes are not affected. Please REINSTALL package 'opencv-contrib-python'.
For detail refer to https://github.com/chflame163/ComfyUI_LayerStyle/issues/5
[2025-12-05 23:24:32.755] Traceback (most recent call last):
  File "C:\Users\Ghost\Desktop\MyCandyLocal\ComfyUI\nodes.py", line 2131, in load_custom_node
    module_spec.loader.exec_module(module)
  File "<frozen importlib._bootstrap_external>", line 883, in exec_module
  File "<frozen importlib._bootstrap>", line 241, in _call_with_frames_removed
  File "C:\Users\Ghost\Desktop\MyCandyLocal\ComfyUI\custom_nodes\ComfyUI_smZNodes\__init__.py", line 61, in <module>
    from .nodes import NODE_CLASS_MAPPINGS, NODE_DISPLAY_NAME_MAPPINGS
  File "C:\Users\Ghost\Desktop\MyCandyLocal\ComfyUI\custom_nodes\ComfyUI_smZNodes\nodes.py", line 9, in <module>
    from .smZNodes import HijackClip, HijackClipComfy, get_learned_conditioning
  File "C:\Users\Ghost\Desktop\MyCandyLocal\ComfyUI\custom_nodes\ComfyUI_smZNodes\smZNodes.py", line 20, in <module>
    from .modules.text_processing import prompt_parser
  File "C:\Users\Ghost\Desktop\MyCandyLocal\ComfyUI\custom_nodes\ComfyUI_smZNodes\modules\text_processing\prompt_parser.py", line 5, in <module>
    from compel import Compel
  File "C:\Users\Ghost\Desktop\MyCandyLocal\ComfyUI\venv\lib\site-packages\compel\__init__.py", line 6, in <module>
    from compel.convenience_wrappers import *
  File "C:\Users\Ghost\Desktop\MyCandyLocal\ComfyUI\venv\lib\site-packages\compel\convenience_wrappers.py", line 5, in <module>
    from diffusers import FluxPipeline, StableDiffusionXLPipeline, StableDiffusionPipeline
  File "C:\Users\Ghost\Desktop\MyCandyLocal\ComfyUI\venv\lib\site-packages\diffusers\__init__.py", line 5, in <module>
    from .utils import (
  File "C:\Users\Ghost\Desktop\MyCandyLocal\ComfyUI\venv\lib\site-packages\diffusers\utils\__init__.py", line 38, in <module>
    from .dynamic_modules_utils import get_class_from_dynamic_module
  File "C:\Users\Ghost\Desktop\MyCandyLocal\ComfyUI\venv\lib\site-packages\diffusers\utils\dynamic_modules_utils.py", line 28, in <module>
    from huggingface_hub import cached_download, hf_hub_download, model_info
ImportError: cannot import name 'cached_download' from 'huggingface_hub' (C:\Users\Ghost\Desktop\MyCandyLocal\ComfyUI\venv\lib\site-packages\huggingface_hub\__init__.py)

[2025-12-05 23:24:32.758] Cannot import C:\Users\Ghost\Desktop\MyCandyLocal\ComfyUI\custom_nodes\ComfyUI_smZNodes module for custom nodes: cannot import name 'cached_download' from 'huggingface_hub' (C:\Users\Ghost\Desktop\MyCandyLocal\ComfyUI\venv\lib\site-packages\huggingface_hub\__init__.py)
[2025-12-05 23:24:32.830] [C:\Users\Ghost\Desktop\MyCandyLocal\ComfyUI\custom_nodes\comfy_mtb] | INFO -> loaded 110 nodes successfuly
[2025-12-05 23:24:32.833] [C:\Users\Ghost\Desktop\MyCandyLocal\ComfyUI\custom_nodes\comfy_mtb] | INFO -> Some nodes (3) could not be loaded. This can be ignored, but go to http://127.0.0.1:8188/mtb if you want more information.
[2025-12-05 23:24:32.911] Efficiency Nodes: Attempting to add Control Net options to the 'HiRes-Fix Script' Node (comfyui_controlnet_aux add-on)...Success!
[2025-12-05 23:24:32.920] Traceback (most recent call last):
  File "C:\Users\Ghost\Desktop\MyCandyLocal\ComfyUI\nodes.py", line 2131, in load_custom_node
    module_spec.loader.exec_module(module)
  File "<frozen importlib._bootstrap_external>", line 883, in exec_module
  File "<frozen importlib._bootstrap>", line 241, in _call_with_frames_removed
  File "C:\Users\Ghost\Desktop\MyCandyLocal\ComfyUI\custom_nodes\Jovimetrix\__init__.py", line 42, in <module>
    from cozy_comfyui import \
ModuleNotFoundError: No module named 'cozy_comfyui'

[2025-12-05 23:24:32.921] Cannot import C:\Users\Ghost\Desktop\MyCandyLocal\ComfyUI\custom_nodes\Jovimetrix module for custom nodes: No module named 'cozy_comfyui'
[2025-12-05 23:24:32.957] 
[2025-12-05 23:24:32.957] [rgthree-comfy] Loaded 48 magnificent nodes. 🎉
[2025-12-05 23:24:32.958] 
[2025-12-05 23:24:33.947] WAS Node Suite: OpenCV Python FFMPEG support is enabled
[2025-12-05 23:24:33.948] WAS Node Suite Warning: `ffmpeg_bin_path` is not set in `C:\Users\Ghost\Desktop\MyCandyLocal\ComfyUI\custom_nodes\was-node-suite-comfyui\was_suite_config.json` config file. Will attempt to use system ffmpeg binaries if available.
[2025-12-05 23:24:34.451] FETCH ComfyRegistry Data: 5/110
[2025-12-05 23:24:34.668] WAS Node Suite: Finished. Loaded 220 nodes successfully.
[2025-12-05 23:24:34.668] 
	"Every artist dips his brush in his own soul, and paints his own nature into his pictures." - Henry Ward Beecher
[2025-12-05 23:24:34.670] 
[2025-12-05 23:24:34.680] 
Import times for custom nodes:
[2025-12-05 23:24:34.680]    0.0 seconds: C:\Users\Ghost\Desktop\MyCandyLocal\ComfyUI\custom_nodes\websocket_image_save.py
[2025-12-05 23:24:34.681]    0.0 seconds: C:\Users\Ghost\Desktop\MyCandyLocal\ComfyUI\custom_nodes\sdxl_prompt_styler
[2025-12-05 23:24:34.681]    0.0 seconds: C:\Users\Ghost\Desktop\MyCandyLocal\ComfyUI\custom_nodes\ComfyUI-Image-Selector
[2025-12-05 23:24:34.682]    0.0 seconds: C:\Users\Ghost\Desktop\MyCandyLocal\ComfyUI\custom_nodes\ComfyUI-IC-Light-Native
[2025-12-05 23:24:34.682]    0.0 seconds: C:\Users\Ghost\Desktop\MyCandyLocal\ComfyUI\custom_nodes\sd-dynamic-thresholding
[2025-12-05 23:24:34.682]    0.0 seconds (IMPORT FAILED): C:\Users\Ghost\Desktop\MyCandyLocal\ComfyUI\custom_nodes\Jovimetrix
[2025-12-05 23:24:34.683]    0.0 seconds: C:\Users\Ghost\Desktop\MyCandyLocal\ComfyUI\custom_nodes\ComfyUI-WD14-Tagger
[2025-12-05 23:24:34.683]    0.0 seconds: C:\Users\Ghost\Desktop\MyCandyLocal\ComfyUI\custom_nodes\ComfyUI_IPAdapter_plus
[2025-12-05 23:24:34.684]    0.0 seconds: C:\Users\Ghost\Desktop\MyCandyLocal\ComfyUI\custom_nodes\cg-use-everywhere
[2025-12-05 23:24:34.684]    0.0 seconds: C:\Users\Ghost\Desktop\MyCandyLocal\ComfyUI\custom_nodes\mikey_nodes
[2025-12-05 23:24:34.685]    0.0 seconds (IMPORT FAILED): C:\Users\Ghost\Desktop\MyCandyLocal\ComfyUI\custom_nodes\ComfyUI-TeaCache
[2025-12-05 23:24:34.686]    0.0 seconds: C:\Users\Ghost\Desktop\MyCandyLocal\ComfyUI\custom_nodes\ComfyUI_FizzNodes
[2025-12-05 23:24:34.686]    0.0 seconds (IMPORT FAILED): C:\Users\Ghost\Desktop\MyCandyLocal\ComfyUI\custom_nodes\ComfyUI-layerdiffuse
[2025-12-05 23:24:34.687]    0.0 seconds: C:\Users\Ghost\Desktop\MyCandyLocal\ComfyUI\custom_nodes\ComfyUI-Custom-Scripts
[2025-12-05 23:24:34.689]    0.0 seconds: C:\Users\Ghost\Desktop\MyCandyLocal\ComfyUI\custom_nodes\ComfyUI_essentials
[2025-12-05 23:24:34.691]    0.0 seconds: C:\Users\Ghost\Desktop\MyCandyLocal\ComfyUI\custom_nodes\comfyui-portrait-master
[2025-12-05 23:24:34.691]    0.0 seconds: C:\Users\Ghost\Desktop\MyCandyLocal\ComfyUI\custom_nodes\ComfyUI-Frame-Interpolation
[2025-12-05 23:24:34.692]    0.0 seconds: C:\Users\Ghost\Desktop\MyCandyLocal\ComfyUI\custom_nodes\ComfyUI_UltimateSDUpscale
[2025-12-05 23:24:34.692]    0.0 seconds: C:\Users\Ghost\Desktop\MyCandyLocal\ComfyUI\custom_nodes\Derfuu_ComfyUI_ModdedNodes
[2025-12-05 23:24:34.693]    0.0 seconds: C:\Users\Ghost\Desktop\MyCandyLocal\ComfyUI\custom_nodes\ComfyUI-DepthAnythingV2
[2025-12-05 23:24:34.694]    0.0 seconds: C:\Users\Ghost\Desktop\MyCandyLocal\ComfyUI\custom_nodes\ComfyUI_Mira
[2025-12-05 23:24:34.694]    0.0 seconds: C:\Users\Ghost\Desktop\MyCandyLocal\ComfyUI\custom_nodes\ComfyUI-Advanced-ControlNet
[2025-12-05 23:24:34.695]    0.0 seconds: C:\Users\Ghost\Desktop\MyCandyLocal\ComfyUI\custom_nodes\ComfyUI-GGUF
[2025-12-05 23:24:34.696]    0.0 seconds: C:\Users\Ghost\Desktop\MyCandyLocal\ComfyUI\custom_nodes\ComfyUI-KJNodes
[2025-12-05 23:24:34.696]    0.0 seconds: C:\Users\Ghost\Desktop\MyCandyLocal\ComfyUI\custom_nodes\ComfyUI-Manager
[2025-12-05 23:24:34.696]    0.0 seconds: C:\Users\Ghost\Desktop\MyCandyLocal\ComfyUI\custom_nodes\rgthree-comfy
[2025-12-05 23:24:34.697]    0.0 seconds: C:\Users\Ghost\Desktop\MyCandyLocal\ComfyUI\custom_nodes\ComfyUI-VideoHelperSuite
[2025-12-05 23:24:34.697]    0.0 seconds: C:\Users\Ghost\Desktop\MyCandyLocal\ComfyUI\custom_nodes\ComfyUI_Comfyroll_CustomNodes
[2025-12-05 23:24:34.698]    0.0 seconds: C:\Users\Ghost\Desktop\MyCandyLocal\ComfyUI\custom_nodes\ComfyUI-AnimateDiff-Evolved
[2025-12-05 23:24:34.698]    0.0 seconds (IMPORT FAILED): C:\Users\Ghost\Desktop\MyCandyLocal\ComfyUI\custom_nodes\ComfyUI_smZNodes
[2025-12-05 23:24:34.698]    0.1 seconds: C:\Users\Ghost\Desktop\MyCandyLocal\ComfyUI\custom_nodes\comfyui_controlnet_aux
[2025-12-05 23:24:34.699]    0.1 seconds: C:\Users\Ghost\Desktop\MyCandyLocal\ComfyUI\custom_nodes\ComfyUI-AKatz-Nodes
[2025-12-05 23:24:34.699]    0.1 seconds: C:\Users\Ghost\Desktop\MyCandyLocal\ComfyUI\custom_nodes\efficiency-nodes-comfyui
[2025-12-05 23:24:34.700]    0.1 seconds (IMPORT FAILED): C:\Users\Ghost\Desktop\MyCandyLocal\ComfyUI\custom_nodes\ComfyUI-DepthCrafter-Nodes
[2025-12-05 23:24:34.700]    0.1 seconds: C:\Users\Ghost\Desktop\MyCandyLocal\ComfyUI\custom_nodes\ComfyUI-Impact-Pack
[2025-12-05 23:24:34.700]    0.1 seconds: C:\Users\Ghost\Desktop\MyCandyLocal\ComfyUI\custom_nodes\comfy_mtb
[2025-12-05 23:24:34.701]    0.1 seconds: C:\Users\Ghost\Desktop\MyCandyLocal\ComfyUI\custom_nodes\ComfyUI-Inspire-Pack
[2025-12-05 23:24:34.701]    0.1 seconds: C:\Users\Ghost\Desktop\MyCandyLocal\ComfyUI\custom_nodes\ComfyUI-Impact-Subpack
[2025-12-05 23:24:34.701]    0.1 seconds: C:\Users\Ghost\Desktop\MyCandyLocal\ComfyUI\custom_nodes\ComfyUI-Florence2
[2025-12-05 23:24:34.704]    0.1 seconds: C:\Users\Ghost\Desktop\MyCandyLocal\ComfyUI\custom_nodes\ComfyUI-to-Python-Extension
[2025-12-05 23:24:34.705]    0.1 seconds: C:\Users\Ghost\Desktop\MyCandyLocal\ComfyUI\custom_nodes\comfyui_openvino
[2025-12-05 23:24:34.706]    0.2 seconds: C:\Users\Ghost\Desktop\MyCandyLocal\ComfyUI\custom_nodes\ComfyUI_LayerStyle
[2025-12-05 23:24:34.707]    0.2 seconds: C:\Users\Ghost\Desktop\MyCandyLocal\ComfyUI\custom_nodes\ComfyUI-Easy-Use
[2025-12-05 23:24:34.707]    0.5 seconds: C:\Users\Ghost\Desktop\MyCandyLocal\ComfyUI\custom_nodes\ComfyUI-Crystools
[2025-12-05 23:24:34.708]    0.5 seconds: C:\Users\Ghost\Desktop\MyCandyLocal\ComfyUI\custom_nodes\comfyui-propost
[2025-12-05 23:24:34.709]    0.5 seconds: C:\Users\Ghost\Desktop\MyCandyLocal\ComfyUI\custom_nodes\ComfyUI-Detail-Daemon
[2025-12-05 23:24:34.709]    0.6 seconds (IMPORT FAILED): C:\Users\Ghost\Desktop\MyCandyLocal\ComfyUI\custom_nodes\ComfyUI-SAM2
[2025-12-05 23:24:34.710]    1.7 seconds: C:\Users\Ghost\Desktop\MyCandyLocal\ComfyUI\custom_nodes\was-node-suite-comfyui
[2025-12-05 23:24:34.710] 
[2025-12-05 23:24:35.042] Context impl SQLiteImpl.
[2025-12-05 23:24:35.043] Will assume non-transactional DDL.
[2025-12-05 23:24:35.045] No target revision found.
[2025-12-05 23:24:35.094] Starting server

[2025-12-05 23:24:35.095] To see the GUI go to: http://127.0.0.1:8188
[2025-12-05 23:24:38.792] FETCH ComfyRegistry Data: 10/110
[2025-12-05 23:24:42.360] FETCH ComfyRegistry Data: 15/110
[2025-12-05 23:24:45.938] FETCH ComfyRegistry Data: 20/110
[2025-12-05 23:24:49.546] FETCH ComfyRegistry Data: 25/110
[2025-12-05 23:24:53.140] FETCH ComfyRegistry Data: 30/110
[2025-12-05 23:24:56.708] FETCH ComfyRegistry Data: 35/110
[2025-12-05 23:25:00.278] FETCH ComfyRegistry Data: 40/110
[2025-12-05 23:25:03.824] FETCH ComfyRegistry Data: 45/110
[2025-12-05 23:25:07.397] FETCH ComfyRegistry Data: 50/110
[2025-12-05 23:25:10.973] FETCH ComfyRegistry Data: 55/110
[2025-12-05 23:25:15.330] FETCH ComfyRegistry Data: 60/110
[2025-12-05 23:25:18.954] FETCH ComfyRegistry Data: 65/110
[2025-12-05 23:25:22.515] FETCH ComfyRegistry Data: 70/110
[2025-12-05 23:25:26.129] FETCH ComfyRegistry Data: 75/110
[2025-12-05 23:25:30.098] FETCH ComfyRegistry Data: 80/110
[2025-12-05 23:25:34.044] FETCH ComfyRegistry Data: 85/110
[2025-12-05 23:25:37.639] FETCH ComfyRegistry Data: 90/110
[2025-12-05 23:25:41.240] FETCH ComfyRegistry Data: 95/110
[2025-12-05 23:25:44.808] FETCH ComfyRegistry Data: 100/110
[2025-12-05 23:25:48.415] FETCH ComfyRegistry Data: 105/110
[2025-12-05 23:25:51.989] FETCH ComfyRegistry Data: 110/110
[2025-12-05 23:25:52.491] FETCH ComfyRegistry Data [DONE]
[2025-12-05 23:25:52.707] [ComfyUI-Manager] default cache updated: https://api.comfy.org/nodes
[2025-12-05 23:25:52.744] FETCH DATA from: https://raw.githubusercontent.com/ltdrdata/ComfyUI-Manager/main/custom-node-list.json [DONE]
[2025-12-05 23:25:53.218] [ComfyUI-Manager] broken item:{'author': 'rjgoif', 'title': 'Img Label Tools', 'id': 'Img-Label-Tools', 'reference': 'https://github.com/rjgoif/ComfyUI-Img-Label-Tools', 'install_type': 'git-clone', 'description': 'Tools to help annotate images for sharing on Reddit, Discord, etc.'}
[2025-12-05 23:25:53.265] [ComfyUI-Manager] All startup tasks have been completed.
[2025-12-05 23:27:48.944] got prompt
[2025-12-05 23:27:49.024] model weight dtype torch.float16, manual cast: None
[2025-12-05 23:27:49.026] model_type EPS
[2025-12-05 23:27:49.766] Using pytorch attention in VAE
[2025-12-05 23:27:49.768] Using pytorch attention in VAE
[2025-12-05 23:27:49.990] VAE load device: xpu:0, offload device: cpu, dtype: torch.bfloat16
[2025-12-05 23:27:50.076] CLIP/text encoder model load device: xpu:0, offload device: cpu, current: cpu, dtype: torch.float16
[2025-12-05 23:27:50.404] Requested to load SD1ClipModel
[2025-12-05 23:27:50.508] loaded completely; 10521.12 MB usable, 235.84 MB loaded, full load: True
[2025-12-05 23:27:51.829] Requested to load BaseModel
[2025-12-05 23:27:52.871] loaded completely; 10521.12 MB usable, 1639.41 MB loaded, full load: True
[2025-12-05 23:27:58.619] 100%|██████████████████████████████████████████████████████████████████████████████████| 20/20 [00:05<00:00,  3.90it/s]
[2025-12-05 23:27:58.638] Requested to load AutoencoderKL
[2025-12-05 23:27:59.438] loaded completely; 9706.82 MB usable, 159.56 MB loaded, full load: True
[2025-12-05 23:28:01.003] Prompt executed in 12.06 seconds
